2024-02-22 17:56:56,372 - log - INFO - 加载D:\code-exercise\test0107\data\base_data.yml文件.......
2024-02-22 17:56:56,375 - log - INFO - 读取到数据==> {'login_info': {'username': 'admin', 'password': 'Amydsxj@2024'}, 'env_info': {'ip': '127.0.0.1', 'port': 81}}
2024-02-22 17:56:56,375 - log - INFO - 加载D:\code-exercise\test0107\data\departments_data.yml文件.......
2024-02-22 17:56:56,375 - log - INFO - 读取到数据==> {'get_departments_id': [['字符', 404], ['zifu', 404], ['1', 200]]}
2024-02-22 17:56:56,763 - log - INFO - url:http://127.0.0.1:81/zentao/api.php/v1/departments
 status_code:200
 Response:[{'id': 1, 'name': '测试大佬', 'parent': 0, 'path': ',1,', 'grade': 1, 'order': 10, 'position': '', 'function': '', 'manager': '', 'managerName': ''}]
2024-02-22 17:56:56,767 - log - INFO - 接口请求地址 ==>> http://127.0.0.1:81/zentao/api.php/v1/departments/字符
2024-02-22 17:56:56,767 - log - INFO - 接口请求方式 ==>> GET
2024-02-22 17:56:56,767 - log - INFO - 接口请求头 ==>> {
    "Token": "0c051f9cefc0f769126302abaf903df6"
}
2024-02-22 17:56:56,767 - log - INFO - 接口请求 params 参数 ==>> null
2024-02-22 17:56:56,767 - log - INFO - 接口请求体 data 参数 ==>> null
2024-02-22 17:56:56,767 - log - INFO - 接口请求体 json 参数 ==>> null
2024-02-22 17:56:56,767 - log - INFO - 接口上传附件 files 参数 ==>> None
2024-02-22 17:56:56,767 - log - INFO - 接口 cookies 参数 ==>> null
2024-02-22 17:56:56,860 - log - INFO - GET的响应码 ==>> 404
2024-02-22 17:56:56,860 - log - INFO - GET的响应内容 ==>> {"error":"404 Not found"}
2024-02-22 17:56:56,860 - log - INFO - url:http://127.0.0.1:81/zentao/api.php/v1/departments/%E5%AD%97%E7%AC%A6
 status_code:404
 Response:{'error': '404 Not found'}
2024-02-22 17:56:56,864 - log - INFO - 接口请求地址 ==>> http://127.0.0.1:81/zentao/api.php/v1/departments/zifu
2024-02-22 17:56:56,864 - log - INFO - 接口请求方式 ==>> GET
2024-02-22 17:56:56,864 - log - INFO - 接口请求头 ==>> {
    "Token": "0c051f9cefc0f769126302abaf903df6"
}
2024-02-22 17:56:56,864 - log - INFO - 接口请求 params 参数 ==>> null
2024-02-22 17:56:56,864 - log - INFO - 接口请求体 data 参数 ==>> null
2024-02-22 17:56:56,865 - log - INFO - 接口请求体 json 参数 ==>> null
2024-02-22 17:56:56,865 - log - INFO - 接口上传附件 files 参数 ==>> None
2024-02-22 17:56:56,865 - log - INFO - 接口 cookies 参数 ==>> null
2024-02-22 17:56:56,941 - log - INFO - GET的响应码 ==>> 404
2024-02-22 17:56:56,941 - log - INFO - GET的响应内容 ==>> {"error":"404 Not found"}
2024-02-22 17:56:56,941 - log - INFO - url:http://127.0.0.1:81/zentao/api.php/v1/departments/zifu
 status_code:404
 Response:{'error': '404 Not found'}
2024-02-22 17:56:56,945 - log - INFO - 接口请求地址 ==>> http://127.0.0.1:81/zentao/api.php/v1/departments/1
2024-02-22 17:56:56,945 - log - INFO - 接口请求方式 ==>> GET
2024-02-22 17:56:56,945 - log - INFO - 接口请求头 ==>> {
    "Token": "0c051f9cefc0f769126302abaf903df6"
}
2024-02-22 17:56:56,946 - log - INFO - 接口请求 params 参数 ==>> null
2024-02-22 17:56:56,946 - log - INFO - 接口请求体 data 参数 ==>> null
2024-02-22 17:56:56,946 - log - INFO - 接口请求体 json 参数 ==>> null
2024-02-22 17:56:56,946 - log - INFO - 接口上传附件 files 参数 ==>> None
2024-02-22 17:56:56,946 - log - INFO - 接口 cookies 参数 ==>> null
2024-02-22 17:56:57,022 - log - INFO - GET的响应码 ==>> 200
2024-02-22 17:56:57,023 - log - INFO - GET的响应内容 ==>> {"id":1,"name":"\u6d4b\u8bd5\u5927\u4f6c","parent":0,"path":",1,","grade":1,"order":10,"position":"","function":"","manager":""}
2024-02-22 17:56:57,023 - log - INFO - url:http://127.0.0.1:81/zentao/api.php/v1/departments/1
 status_code:200
 Response:{'id': 1, 'name': '测试大佬', 'parent': 0, 'path': ',1,', 'grade': 1, 'order': 10, 'position': '', 'function': '', 'manager': ''}
2024-02-22 17:56:57,027 - log - INFO - 接口请求地址 ==>> http://127.0.0.1:81/zentao/api.php/v1/user
2024-02-22 17:56:57,028 - log - INFO - 接口请求方式 ==>> GET
2024-02-22 17:56:57,028 - log - INFO - 接口请求头 ==>> {
    "token": "0c051f9cefc0f769126302abaf903df6"
}
2024-02-22 17:56:57,038 - log - INFO - 接口请求 params 参数 ==>> null
2024-02-22 17:56:57,038 - log - INFO - 接口请求体 data 参数 ==>> null
2024-02-22 17:56:57,038 - log - INFO - 接口请求体 json 参数 ==>> null
2024-02-22 17:56:57,038 - log - INFO - 接口上传附件 files 参数 ==>> None
2024-02-22 17:56:57,038 - log - INFO - 接口 cookies 参数 ==>> null
2024-02-22 17:56:57,116 - log - INFO - GET的响应码 ==>> 200
2024-02-22 17:56:57,116 - log - INFO - GET的响应内容 ==>> {"profile":{"id":1,"company":0,"type":"inside","dept":5,"account":"admin","role":{"code":"po","name":"\u4ea7\u54c1\u7ecf\u7406"},"realname":"12345","pinyin":"12345 1","nickname":"","commiter":"","avatar":"","birthday":null,"gender":"f","email":"1390115692@qq.com","skype":"","qq":"","mobile":"","phone":"15656573433","weixin":"","dingding":"","slack":"","whatsapp":"","address":"","zipcode":"","nature":"","analysis":"","strategy":"","join":null,"visits":420,"visions":"rnd,lite","ip":"127.0.0.1","last":"2024-02-19T13:39:25Z","fails":0,"locked":null,"feedback":"0","ranzhi":"","ldap":"","score":0,"scoreLevel":0,"resetToken":"","deleted":"0","clientStatus":"offline","clientLang":"zh-cn","admin":true,"superReviewer":false,"view":{"account":"admin","programs":"2,4","products":"1,2,3,7,8,9,10,11,13,14,15,4,5,6,12","projects":"1,3","sprints":""}}}
2024-02-22 17:56:57,119 - log - INFO - 接口请求地址 ==>> http://127.0.0.1:81/zentao/api.php/v1/users
2024-02-22 17:56:57,119 - log - INFO - 接口请求方式 ==>> GET
2024-02-22 17:56:57,119 - log - INFO - 接口请求头 ==>> null
2024-02-22 17:56:57,119 - log - INFO - 接口请求 params 参数 ==>> {
    "page": 0,
    "limit": 0
}
2024-02-22 17:56:57,119 - log - INFO - 接口请求体 data 参数 ==>> null
2024-02-22 17:56:57,119 - log - INFO - 接口请求体 json 参数 ==>> null
2024-02-22 17:56:57,119 - log - INFO - 接口上传附件 files 参数 ==>> None
2024-02-22 17:56:57,119 - log - INFO - 接口 cookies 参数 ==>> null
2024-02-22 17:56:57,222 - log - INFO - GET的响应码 ==>> 200
2024-02-22 17:56:57,223 - log - INFO - GET的响应内容 ==>> {"page":1,"total":1,"limit":1,"users":[{"id":1,"dept":5,"account":"admin","realname":"12345","role":"po","pinyin":"12345 1","email":"1390115692@qq.com","group":{"13":{"id":13,"project":0,"vision":"rnd","name":"\u9879\u76ee\u7ba1\u7406\u5458","role":"projectAdmin","desc":"\u9879\u76ee\u7ba1\u7406\u5458\u53ef\u4ee5\u7ef4\u62a4\u9879\u76ee\u7684\u6743\u9650","acl":"","developer":"1"}}}]}
2024-02-22 17:56:57,226 - log - INFO - 接口请求地址 ==>> http://127.0.0.1:81/zentao/api.php/v1/users
2024-02-22 17:56:57,226 - log - INFO - 接口请求方式 ==>> POST
2024-02-22 17:56:57,226 - log - INFO - 接口请求头 ==>> {
    "token": "0c051f9cefc0f769126302abaf903df6"
}
2024-02-22 17:56:57,226 - log - INFO - 接口请求 params 参数 ==>> null
2024-02-22 17:56:57,226 - log - INFO - 接口请求体 data 参数 ==>> "{\"account\": \"sxj20240222175656\", \"password\": \"123qwe!@#\", \"realname\": \"\\u6d4b\\u8bd5\\u7528\\u623720240222175656\", \"role\": \"qa\"}"
2024-02-22 17:56:57,226 - log - INFO - 接口请求体 json 参数 ==>> null
2024-02-22 17:56:57,226 - log - INFO - 接口上传附件 files 参数 ==>> None
2024-02-22 17:56:57,226 - log - INFO - 接口 cookies 参数 ==>> null
2024-02-22 17:56:57,636 - log - INFO - POST的响应码 ==>> 201
2024-02-22 17:56:57,636 - log - INFO - POST的响应内容 ==>> {"id":12,"company":0,"type":"inside","dept":0,"account":"sxj20240222175656","role":"qa","realname":"\u6d4b\u8bd5\u7528\u623720240222175656","pinyin":"","nickname":"","commiter":"","avatar":"","birthday":"","gender":"f","email":"","skype":"","qq":"","mobile":"","phone":"","weixin":"","dingding":"","slack":"","whatsapp":"","address":"","zipcode":"","nature":"","analysis":"","strategy":"","join":"0000-00-00","visits":0,"visions":"rnd","ip":"","last":"1970-01-01T00:00:00Z","fails":0,"locked":null,"feedback":"0","ranzhi":"","ldap":"","score":0,"scoreLevel":0,"resetToken":"","deleted":"0","clientStatus":"offline","clientLang":"zh-cn","group":[]}
2024-02-22 17:56:57,640 - log - INFO - 接口请求地址 ==>> http://127.0.0.1:81/zentao/api.php/v1/users/12
2024-02-22 17:56:57,640 - log - INFO - 接口请求方式 ==>> GET
2024-02-22 17:56:57,640 - log - INFO - 接口请求头 ==>> null
2024-02-22 17:56:57,640 - log - INFO - 接口请求 params 参数 ==>> null
2024-02-22 17:56:57,640 - log - INFO - 接口请求体 data 参数 ==>> null
2024-02-22 17:56:57,640 - log - INFO - 接口请求体 json 参数 ==>> null
2024-02-22 17:56:57,640 - log - INFO - 接口上传附件 files 参数 ==>> None
2024-02-22 17:56:57,640 - log - INFO - 接口 cookies 参数 ==>> null
2024-02-22 17:56:57,791 - log - INFO - GET的响应码 ==>> 200
2024-02-22 17:56:57,791 - log - INFO - GET的响应内容 ==>> {"id":12,"company":0,"type":"inside","dept":0,"account":"sxj20240222175656","role":"qa","realname":"\u6d4b\u8bd5\u7528\u623720240222175656","pinyin":"","nickname":"","commiter":"","avatar":"","birthday":"","gender":"f","email":"","skype":"","qq":"","mobile":"","phone":"","weixin":"","dingding":"","slack":"","whatsapp":"","address":"","zipcode":"","nature":"","analysis":"","strategy":"","join":"0000-00-00","visits":0,"visions":"rnd","ip":"","last":"1970-01-01 08:00:00","fails":0,"locked":"","feedback":"0","ranzhi":"","ldap":"","score":0,"scoreLevel":0,"resetToken":"","deleted":"0","clientStatus":"offline","clientLang":"zh-cn","group":[]}
2024-02-22 17:56:57,795 - log - INFO - 接口请求地址 ==>> http://127.0.0.1:81/zentao/api.php/v1/users/1
2024-02-22 17:56:57,795 - log - INFO - 接口请求方式 ==>> PUT
2024-02-22 17:56:57,795 - log - INFO - 接口请求头 ==>> {
    "token": "0c051f9cefc0f769126302abaf903df6",
    "Content-Type": "application/json",
    "Cookie": "device=desktop; lang=zh-cn; theme=default; zentaosid=0c051f9cefc0f769126302abaf903df6"
}
2024-02-22 17:56:57,795 - log - INFO - 接口请求 params 参数 ==>> null
2024-02-22 17:56:57,795 - log - INFO - 接口请求体 data 参数 ==>> "{\"dept\": 5, \"role\": \"po\", \"mobile\": \"\", \"realname\": \"dddd\", \"email\": \"1390115692@qq.com\", \"phone\": \"15656573433\"}"
2024-02-22 17:56:57,795 - log - INFO - 接口请求体 json 参数 ==>> null
2024-02-22 17:56:57,795 - log - INFO - 接口上传附件 files 参数 ==>> None
2024-02-22 17:56:57,795 - log - INFO - 接口 cookies 参数 ==>> null
2024-02-22 17:56:57,967 - log - INFO - PUT的响应码 ==>> 200
2024-02-22 17:56:57,967 - log - INFO - PUT的响应内容 ==>> {"id":1,"company":0,"type":"inside","dept":5,"account":"admin","role":"po","realname":"dddd","pinyin":"12345 1","nickname":"","commiter":"","avatar":"","birthday":"0000-00-00","gender":"f","email":"1390115692@qq.com","skype":"","qq":"","mobile":"","phone":"15656573433","weixin":"","dingding":"","slack":"","whatsapp":"","address":"","zipcode":"","nature":"","analysis":"","strategy":"","join":"0000-00-00","visits":420,"visions":"rnd,lite","ip":"127.0.0.1","last":"2024-02-19T13:39:25Z","fails":0,"locked":null,"feedback":"0","ranzhi":"","ldap":"","score":0,"scoreLevel":0,"resetToken":"","deleted":"0","clientStatus":"offline","clientLang":"zh-cn"}
2024-02-22 17:56:57,970 - log - INFO - 接口请求地址 ==>> http://127.0.0.1:81/zentao/api.php/v1/users/1
2024-02-22 17:56:57,970 - log - INFO - 接口请求方式 ==>> PUT
2024-02-22 17:56:57,970 - log - INFO - 接口请求头 ==>> {
    "token": "0c051f9cefc0f769126302abaf903df6",
    "Content-Type": "application/json",
    "Cookie": "device=desktop; lang=zh-cn; theme=default; zentaosid=0c051f9cefc0f769126302abaf903df6"
}
2024-02-22 17:56:57,970 - log - INFO - 接口请求 params 参数 ==>> null
2024-02-22 17:56:57,970 - log - INFO - 接口请求体 data 参数 ==>> "{\"realname\": \"12345\"}"
2024-02-22 17:56:57,970 - log - INFO - 接口请求体 json 参数 ==>> null
2024-02-22 17:56:57,970 - log - INFO - 接口上传附件 files 参数 ==>> None
2024-02-22 17:56:57,972 - log - INFO - 接口 cookies 参数 ==>> null
2024-02-22 17:56:58,139 - log - INFO - PUT的响应码 ==>> 200
2024-02-22 17:56:58,140 - log - INFO - PUT的响应内容 ==>> {"id":1,"company":0,"type":"inside","dept":5,"account":"admin","role":"po","realname":"12345","pinyin":"12345 1","nickname":"","commiter":"","avatar":"","birthday":"0000-00-00","gender":"f","email":"1390115692@qq.com","skype":"","qq":"","mobile":"","phone":"15656573433","weixin":"","dingding":"","slack":"","whatsapp":"","address":"","zipcode":"","nature":"","analysis":"","strategy":"","join":"0000-00-00","visits":420,"visions":"rnd,lite","ip":"127.0.0.1","last":"2024-02-19T13:39:25Z","fails":0,"locked":null,"feedback":"0","ranzhi":"","ldap":"","score":0,"scoreLevel":0,"resetToken":"","deleted":"0","clientStatus":"offline","clientLang":"zh-cn"}
2024-02-22 17:56:58,143 - log - INFO - 接口请求地址 ==>> http://127.0.0.1:81/zentao/api.php/v1/users/12
2024-02-22 17:56:58,143 - log - INFO - 接口请求方式 ==>> DELETE
2024-02-22 17:56:58,143 - log - INFO - 接口请求头 ==>> {
    "token": "0c051f9cefc0f769126302abaf903df6",
    "Content-Type": "application/json",
    "Cookie": "device=desktop; lang=zh-cn; theme=default; zentaosid=0c051f9cefc0f769126302abaf903df6"
}
2024-02-22 17:56:58,143 - log - INFO - 接口请求 params 参数 ==>> null
2024-02-22 17:56:58,143 - log - INFO - 接口请求体 data 参数 ==>> null
2024-02-22 17:56:58,143 - log - INFO - 接口请求体 json 参数 ==>> null
2024-02-22 17:56:58,143 - log - INFO - 接口上传附件 files 参数 ==>> None
2024-02-22 17:56:58,143 - log - INFO - 接口 cookies 参数 ==>> null
2024-02-22 17:56:58,296 - log - INFO - DELETE的响应码 ==>> 200
2024-02-22 17:56:58,296 - log - INFO - DELETE的响应内容 ==>> {"message":"success"}
